Compiling the C compiler identification source file "CMakeCCompilerId.c" failed.
Compiler: /home/ira/Applications/gcc-arm-none-eabi-10.3-2021.10/bin/arm-none-eabi-gcc 
Build flags: ;-mcpu=cortex-m0plus;-mthumb
Id flags:  

The output was:
1
/home/ira/Applications/gcc-arm-none-eabi-10.3-2021.10/bin/../lib/gcc/arm-none-eabi/10.3.1/../../../../arm-none-eabi/bin/ld: /home/ira/Applications/gcc-arm-none-eabi-10.3-2021.10/bin/../lib/gcc/arm-none-eabi/10.3.1/../../../../arm-none-eabi/lib/thumb/v6-m/nofp/libc.a(lib_a-exit.o): in function `exit':
exit.c:(.text.exit+0x18): undefined reference to `_exit'
collect2: error: ld returned 1 exit status


Compiling the CXX compiler identification source file "CMakeCXXCompilerId.cpp" failed.
Compiler: /home/ira/Applications/gcc-arm-none-eabi-10.3-2021.10/bin/arm-none-eabi-g++ 
Build flags: ;-mcpu=cortex-m0plus;-mthumb
Id flags:  

The output was:
1
/home/ira/Applications/gcc-arm-none-eabi-10.3-2021.10/bin/../lib/gcc/arm-none-eabi/10.3.1/../../../../arm-none-eabi/bin/ld: /home/ira/Applications/gcc-arm-none-eabi-10.3-2021.10/bin/../lib/gcc/arm-none-eabi/10.3.1/../../../../arm-none-eabi/lib/thumb/v6-m/nofp/libc.a(lib_a-exit.o): in function `exit':
exit.c:(.text.exit+0x18): undefined reference to `_exit'
collect2: error: ld returned 1 exit status


Performing C SOURCE FILE Test C_COMPILER_SUPPORTS_WFORMAT_SIGNEDNESS failed with the following output:
Change Dir: /home/ira/Projects/Wiznet-RP2040/AWS/WizFi360-EVB-Pico-AWS-C/build/CMakeFiles/CMakeTmp

Run Build Command(s):/usr/bin/ninja cmTC_b9f5a && [1/2] Building C object CMakeFiles/cmTC_b9f5a.dir/src.c.obj
[2/2] Linking C executable cmTC_b9f5a.elf
FAILED: cmTC_b9f5a.elf 
: && /home/ira/Applications/gcc-arm-none-eabi-10.3-2021.10/bin/arm-none-eabi-gcc -mcpu=cortex-m0plus -mthumb -Wall -Wextra -Wwrite-strings -Wvla -Wlogical-op -Wshadow -Wl,--build-id=none  CMakeFiles/cmTC_b9f5a.dir/src.c.obj -o cmTC_b9f5a.elf   && :
/home/ira/Applications/gcc-arm-none-eabi-10.3-2021.10/bin/../lib/gcc/arm-none-eabi/10.3.1/../../../../arm-none-eabi/bin/ld: /home/ira/Applications/gcc-arm-none-eabi-10.3-2021.10/bin/../lib/gcc/arm-none-eabi/10.3.1/../../../../arm-none-eabi/lib/thumb/v6-m/nofp/libc.a(lib_a-exit.o): in function `exit':
exit.c:(.text.exit+0x18): undefined reference to `_exit'
collect2: error: ld returned 1 exit status
ninja: build stopped: subcommand failed.


Source file was:
int main(void) { return 0; }
